SF:c:\Users\BudoB\OneDrive\Dokumenter Tekst\Programmering\CourseProject\CourseProjectCSharp\src\ProgramNew.cs
FN:6,System.Void NewProgram::.ctor()
FNDA:0,System.Void NewProgram::.ctor()
DA:7,0
DA:9,0
FN:12,System.String PersonClass::get_FirstName()
FNDA:0,System.String PersonClass::get_FirstName()
DA:13,0
FN:13,System.String PersonClass::get_LastName()
FNDA:0,System.String PersonClass::get_LastName()
DA:14,0
FN:14,System.Int32 PersonClass::get_Age()
FNDA:0,System.Int32 PersonClass::get_Age()
DA:15,0
FN:15,System.Void PersonClass::.ctor(System.String,System.String,System.Int32)
FNDA:0,System.Void PersonClass::.ctor(System.String,System.String,System.Int32)
DA:16,0
DA:17,0
DA:18,0
DA:19,0
DA:20,0
DA:21,0
LF:11
LH:0
BRF:0
BRH:0
FNF:5
FNH:0
end_of_record
SF:c:\Users\BudoB\OneDrive\Dokumenter Tekst\Programmering\CourseProject\CourseProjectCSharp\src\ContainerType.cs
FN:6,CourseProject.Domain CourseProject.ContainerType::get_Domain()
FNDA:0,CourseProject.Domain CourseProject.ContainerType::get_Domain()
DA:7,0
FN:9,System.Void CourseProject.ContainerType::.ctor(CourseProject.Domain)
FNDA:0,System.Void CourseProject.ContainerType::.ctor(CourseProject.Domain)
DA:10,0
DA:11,0
DA:12,0
DA:13,0
FN:21,System.String CourseProject.School::get_ClassName()
FNDA:0,System.String CourseProject.School::get_ClassName()
DA:22,0
FN:23,System.Collections.Generic.List`1<System.Type> CourseProject.School::get_PrimaryChildTypes()
FNDA:0,System.Collections.Generic.List`1<System.Type> CourseProject.School::get_PrimaryChildTypes()
DA:24,0
FN:17,System.Void CourseProject.School::.ctor(CourseProject.Domain)
FNDA:0,System.Void CourseProject.School::.ctor(CourseProject.Domain)
DA:18,0
DA:19,0
DA:20,0
FN:32,System.String CourseProject.Year::get_ClassName()
FNDA:0,System.String CourseProject.Year::get_ClassName()
DA:33,0
FN:34,System.Collections.Generic.List`1<System.Type> CourseProject.Year::get_PrimaryChildTypes()
FNDA:0,System.Collections.Generic.List`1<System.Type> CourseProject.Year::get_PrimaryChildTypes()
DA:35,0
FN:28,System.Void CourseProject.Year::.ctor(CourseProject.Domain)
FNDA:0,System.Void CourseProject.Year::.ctor(CourseProject.Domain)
DA:29,0
DA:30,0
DA:31,0
FN:43,System.String CourseProject.StudyLine::get_ClassName()
FNDA:0,System.String CourseProject.StudyLine::get_ClassName()
DA:44,0
FN:45,System.Collections.Generic.List`1<System.Type> CourseProject.StudyLine::get_PrimaryChildTypes()
FNDA:0,System.Collections.Generic.List`1<System.Type> CourseProject.StudyLine::get_PrimaryChildTypes()
DA:46,0
FN:39,System.Void CourseProject.StudyLine::.ctor(CourseProject.Domain)
FNDA:0,System.Void CourseProject.StudyLine::.ctor(CourseProject.Domain)
DA:40,0
DA:41,0
DA:42,0
LF:20
LH:0
BRF:0
BRH:0
FNF:11
FNH:0
end_of_record
SF:c:\Users\BudoB\OneDrive\Dokumenter Tekst\Programmering\CourseProject\CourseProjectCSharp\src\CourseGrades.cs
FN:6,System.String CourseProject.CourseGrades::get_Name()
FNDA:0,System.String CourseProject.CourseGrades::get_Name()
DA:7,0
FN:7,System.Nullable`1<System.Int32> CourseProject.CourseGrades::get_NumericalWeight()
FNDA:0,System.Nullable`1<System.Int32> CourseProject.CourseGrades::get_NumericalWeight()
DA:8,0
FN:8,System.Boolean CourseProject.CourseGrades::get_PassesExam()
FNDA:0,System.Boolean CourseProject.CourseGrades::get_PassesExam()
DA:9,0
FN:9,System.Boolean CourseProject.CourseGrades::get_AttendedExam()
FNDA:0,System.Boolean CourseProject.CourseGrades::get_AttendedExam()
DA:10,0
FN:10,System.Int32 CourseProject.CourseGrades::get_Quantity()
FNDA:0,System.Int32 CourseProject.CourseGrades::get_Quantity()
DA:11,0
FN:12,System.Void CourseProject.CourseGrades::.ctor(System.String,System.Nullable`1<System.Int32>,System.Boolean,System.Int32)
FNDA:0,System.Void CourseProject.CourseGrades::.ctor(System.String,System.Nullable`1<System.Int32>,System.Boolean,System.Int32)
DA:13,0
DA:14,0
DA:15,0
DA:16,0
DA:17,0
DA:18,0
DA:19,0
DA:20,0
LF:13
LH:0
BRF:0
BRH:0
FNF:6
FNH:0
end_of_record
SF:c:\Users\BudoB\OneDrive\Dokumenter Tekst\Programmering\CourseProject\CourseProjectCSharp\src\DataContainer.cs
FN:6,System.String CourseProject.DataContainer::get_Name()
FNDA:0,System.String CourseProject.DataContainer::get_Name()
DA:7,0
FN:7,System.String CourseProject.DataContainer::get_UniqueID()
FNDA:0,System.String CourseProject.DataContainer::get_UniqueID()
DA:8,0
FN:8,System.String CourseProject.DataContainer::get_ContainerType()
FNDA:0,System.String CourseProject.DataContainer::get_ContainerType()
DA:9,0
FN:9,System.Collections.Generic.List`1<CourseProject.DataContainer> CourseProject.DataContainer::get_Children()
FNDA:0,System.Collections.Generic.List`1<CourseProject.DataContainer> CourseProject.DataContainer::get_Children()
DA:10,0
FN:10,System.Collections.Generic.Dictionary`2<System.String,System.String> CourseProject.DataContainer::get_Data()
FNDA:0,System.Collections.Generic.Dictionary`2<System.String,System.String> CourseProject.DataContainer::get_Data()
DA:11,0
FN:22,System.Void CourseProject.DataContainer::AddChild(CourseProject.DataContainer)
FNDA:0,System.Void CourseProject.DataContainer::AddChild(CourseProject.DataContainer)
DA:23,0
DA:24,0
DA:25,0
DA:26,0
DA:28,0
DA:29,0
BRDA:24,39,0,0
BRDA:24,39,1,0
FN:31,System.Void CourseProject.DataContainer::AddData(System.String,System.String)
FNDA:0,System.Void CourseProject.DataContainer::AddData(System.String,System.String)
DA:32,0
DA:33,0
DA:34,0
FN:12,System.Void CourseProject.DataContainer::.ctor(System.String,System.String,System.String)
FNDA:0,System.Void CourseProject.DataContainer::.ctor(System.String,System.String,System.String)
DA:13,0
DA:14,0
DA:15,0
DA:16,0
DA:17,0
DA:18,0
DA:19,0
DA:20,0
LF:22
LH:0
BRF:2
BRH:0
FNF:8
FNH:0
end_of_record
SF:c:\Users\BudoB\OneDrive\Dokumenter Tekst\Programmering\CourseProject\CourseProjectCSharp\src\DataContainerRegistry.cs
FN:6,System.Collections.Generic.Dictionary`2<System.String,CourseProject.DataContainer> CourseProject.DataContainerRegistry::get_Registry()
FNDA:0,System.Collections.Generic.Dictionary`2<System.String,CourseProject.DataContainer> CourseProject.DataContainerRegistry::get_Registry()
DA:7,0
FN:14,System.Void CourseProject.DataContainerRegistry::FillRegistry()
FNDA:0,System.Void CourseProject.DataContainerRegistry::FillRegistry()
DA:15,0
DA:17,0
FN:8,System.Void CourseProject.DataContainerRegistry::.ctor()
FNDA:0,System.Void CourseProject.DataContainerRegistry::.ctor()
DA:9,0
DA:10,0
DA:11,0
DA:12,0
LF:7
LH:0
BRF:0
BRH:0
FNF:3
FNH:0
end_of_record
SF:c:\Users\BudoB\OneDrive\Dokumenter Tekst\Programmering\CourseProject\CourseProjectCSharp\src\Domain.cs
FN:6,System.String CourseProject.Domain::get_Name()
FNDA:0,System.String CourseProject.Domain::get_Name()
DA:7,0
FN:14,System.String CourseProject.Domain::CreateUniqueID()
FNDA:0,System.String CourseProject.Domain::CreateUniqueID()
DA:15,0
DA:16,0
DA:17,0
DA:18,0
FN:8,System.Void CourseProject.Domain::.ctor(System.String)
FNDA:0,System.Void CourseProject.Domain::.ctor(System.String)
DA:9,0
DA:10,0
DA:11,0
DA:12,0
LF:9
LH:0
BRF:0
BRH:0
FNF:3
FNH:0
end_of_record
SF:c:\Users\BudoB\OneDrive\Dokumenter Tekst\Programmering\CourseProject\CourseProjectCSharp\src\FileAccess.cs
FN:7,System.String CourseProject.FileAccess::get_UrlDictKey()
FNDA:0,System.String CourseProject.FileAccess::get_UrlDictKey()
DA:8,0
FN:8,System.String CourseProject.FileAccess::get_HtmlDictKey()
FNDA:0,System.String CourseProject.FileAccess::get_HtmlDictKey()
DA:9,0
FN:9,System.Collections.Generic.Dictionary`2<System.String,System.Collections.Generic.Dictionary`2<System.String,System.String>> CourseProject.FileAccess::get_UnparsedData()
FNDA:0,System.Collections.Generic.Dictionary`2<System.String,System.Collections.Generic.Dictionary`2<System.String,System.String>> CourseProject.FileAccess::get_UnparsedData()
DA:10,0
FN:12,System.Collections.Generic.Dictionary`2<System.String,System.String> CourseProject.FileAccess::FetchData(System.String,System.String,System.String,System.String)
FNDA:0,System.Collections.Generic.Dictionary`2<System.String,System.String> CourseProject.FileAccess::FetchData(System.String,System.String,System.String,System.String)
DA:13,0
DA:14,0
DA:15,0
DA:16,0
DA:17,0
DA:18,0
DA:19,0
DA:20,0
BRDA:15,27,0,0
BRDA:15,27,1,0
FN:22,System.Void CourseProject.FileAccess::LoadParsedDataFromDisk(System.String,System.String,System.String)
FNDA:0,System.Void CourseProject.FileAccess::LoadParsedDataFromDisk(System.String,System.String,System.String)
DA:23,0
DA:24,0
DA:25,0
DA:26,0
DA:27,0
DA:28,0
DA:29,0
DA:30,0
DA:31,0
DA:32,0
DA:33,0
DA:34,0
BRDA:25,21,0,0
BRDA:25,21,1,0
BRDA:30,95,1,0
BRDA:30,95,0,0
FN:36,System.Void CourseProject.FileAccess::ParseScrapedData(System.String,System.String,System.String)
FNDA:0,System.Void CourseProject.FileAccess::ParseScrapedData(System.String,System.String,System.String)
DA:37,0
DA:38,0
DA:39,0
DA:40,0
DA:41,0
DA:42,0
DA:43,0
DA:44,0
DA:45,0
DA:46,0
DA:47,0
DA:48,0
DA:49,0
DA:51,0
DA:52,0
DA:53,0
DA:54,0
DA:55,0
DA:56,0
BRDA:39,23,0,0
BRDA:39,23,1,0
BRDA:46,132,1,0
BRDA:46,132,0,0
FN:58,System.Void CourseProject.FileAccess::ScrapeData(System.String,System.String,System.String)
FNDA:0,System.Void CourseProject.FileAccess::ScrapeData(System.String,System.String,System.String)
DA:59,0
DA:60,0
DA:61,0
DA:62,0
DA:63,0
DA:64,0
DA:65,0
DA:66,0
DA:67,0
DA:68,0
DA:69,0
DA:70,0
DA:71,0
DA:72,0
DA:73,0
BRDA:62,103,1,0
BRDA:62,103,0,0
FN:75,System.Collections.Generic.Dictionary`2<System.String,System.Collections.Generic.Dictionary`2<System.String,System.String>> CourseProject.FileAccess::ReadJson(System.String)
FNDA:0,System.Collections.Generic.Dictionary`2<System.String,System.Collections.Generic.Dictionary`2<System.String,System.String>> CourseProject.FileAccess::ReadJson(System.String)
DA:76,0
DA:77,0
DA:79,0
DA:80,0
DA:81,0
DA:82,0
DA:84,0
DA:85,0
BRDA:80,42,0,0
BRDA:80,42,1,0
FN:87,System.Void CourseProject.FileAccess::WriteJson(System.String,System.Collections.Generic.Dictionary`2<System.String,System.Collections.Generic.Dictionary`2<System.String,System.String>>)
FNDA:0,System.Void CourseProject.FileAccess::WriteJson(System.String,System.Collections.Generic.Dictionary`2<System.String,System.Collections.Generic.Dictionary`2<System.String,System.String>>)
DA:88,0
DA:90,0
DA:91,0
DA:92,0
DA:93,0
DA:94,0
DA:95,0
DA:96,0
DA:97,0
DA:98,0
DA:100,0
FN:101,System.String CourseProject.FileAccess::GenerateDictKey(System.String,System.String,System.String,System.String)
FNDA:0,System.String CourseProject.FileAccess::GenerateDictKey(System.String,System.String,System.String,System.String)
DA:102,0
DA:103,0
DA:104,0
DA:105,0
FN:106,System.String CourseProject.FileAccess::ParsedDataFilePath(System.String,System.String,System.String)
FNDA:0,System.String CourseProject.FileAccess::ParsedDataFilePath(System.String,System.String,System.String)
DA:107,0
DA:108,0
DA:109,0
DA:110,0
DA:111,0
FN:113,System.String CourseProject.FileAccess::UnparsedDataFilePath(System.String,System.String,System.String)
FNDA:0,System.String CourseProject.FileAccess::UnparsedDataFilePath(System.String,System.String,System.String)
DA:114,0
DA:115,0
DA:116,0
DA:117,0
DA:118,0
LF:90
LH:0
BRF:14
BRH:0
FNF:12
FNH:0
end_of_record
SF:c:\Users\BudoB\OneDrive\Dokumenter Tekst\Programmering\CourseProject\CourseProjectCSharp\src\Grade.cs
FN:6,System.String CourseProject.Grade::get_Name()
FNDA:0,System.String CourseProject.Grade::get_Name()
DA:7,0
FN:7,System.Nullable`1<System.Int32> CourseProject.Grade::get_NumericalWeight()
FNDA:0,System.Nullable`1<System.Int32> CourseProject.Grade::get_NumericalWeight()
DA:8,0
FN:8,System.Boolean CourseProject.Grade::get_PassesExam()
FNDA:0,System.Boolean CourseProject.Grade::get_PassesExam()
DA:9,0
FN:9,System.Boolean CourseProject.Grade::get_AttendedExam()
FNDA:0,System.Boolean CourseProject.Grade::get_AttendedExam()
DA:10,0
FN:10,System.Int32 CourseProject.Grade::get_Quantity()
FNDA:0,System.Int32 CourseProject.Grade::get_Quantity()
DA:11,0
FN:22,System.Void CourseProject.Grade::AddQuantity(System.Int32)
FNDA:0,System.Void CourseProject.Grade::AddQuantity(System.Int32)
DA:23,0
DA:24,0
DA:25,0
FN:27,CourseProject.Grade CourseProject.Grade::Grade12(System.Int32)
FNDA:0,CourseProject.Grade CourseProject.Grade::Grade12(System.Int32)
DA:28,0
DA:29,0
DA:30,0
FN:32,CourseProject.Grade CourseProject.Grade::Grade10(System.Int32)
FNDA:0,CourseProject.Grade CourseProject.Grade::Grade10(System.Int32)
DA:33,0
DA:34,0
DA:35,0
FN:37,CourseProject.Grade CourseProject.Grade::Grade7(System.Int32)
FNDA:0,CourseProject.Grade CourseProject.Grade::Grade7(System.Int32)
DA:38,0
DA:39,0
DA:40,0
FN:42,CourseProject.Grade CourseProject.Grade::Grade4(System.Int32)
FNDA:0,CourseProject.Grade CourseProject.Grade::Grade4(System.Int32)
DA:43,0
DA:44,0
DA:45,0
FN:47,CourseProject.Grade CourseProject.Grade::Grade02(System.Int32)
FNDA:0,CourseProject.Grade CourseProject.Grade::Grade02(System.Int32)
DA:48,0
DA:49,0
DA:50,0
FN:52,CourseProject.Grade CourseProject.Grade::Grade0(System.Int32)
FNDA:0,CourseProject.Grade CourseProject.Grade::Grade0(System.Int32)
DA:53,0
DA:54,0
DA:55,0
FN:57,CourseProject.Grade CourseProject.Grade::GradeMinus3(System.Int32)
FNDA:0,CourseProject.Grade CourseProject.Grade::GradeMinus3(System.Int32)
DA:58,0
DA:59,0
DA:60,0
FN:62,CourseProject.Grade CourseProject.Grade::Passed(System.Int32)
FNDA:0,CourseProject.Grade CourseProject.Grade::Passed(System.Int32)
DA:63,0
DA:64,0
DA:65,0
FN:67,CourseProject.Grade CourseProject.Grade::Failed(System.Int32)
FNDA:0,CourseProject.Grade CourseProject.Grade::Failed(System.Int32)
DA:68,0
DA:69,0
DA:70,0
FN:72,CourseProject.Grade CourseProject.Grade::Absent(System.Int32)
FNDA:0,CourseProject.Grade CourseProject.Grade::Absent(System.Int32)
DA:73,0
DA:74,0
DA:75,0
FN:77,CourseProject.Grade CourseProject.Grade::Sick(System.Int32)
FNDA:0,CourseProject.Grade CourseProject.Grade::Sick(System.Int32)
DA:78,0
DA:79,0
DA:80,0
FN:82,CourseProject.Grade CourseProject.Grade::NotApproved(System.Int32)
FNDA:0,CourseProject.Grade CourseProject.Grade::NotApproved(System.Int32)
DA:83,0
DA:84,0
DA:85,0
FN:12,System.Void CourseProject.Grade::.ctor(System.String,System.Nullable`1<System.Int32>,System.Boolean,System.Int32)
FNDA:0,System.Void CourseProject.Grade::.ctor(System.String,System.Nullable`1<System.Int32>,System.Boolean,System.Int32)
DA:13,0
DA:14,0
DA:15,0
DA:16,0
DA:17,0
DA:18,0
DA:19,0
DA:20,0
LF:52
LH:0
BRF:0
BRH:0
FNF:19
FNH:0
end_of_record
SF:c:\Users\BudoB\OneDrive\Dokumenter Tekst\Programmering\CourseProject\CourseProjectCSharp\src\HtmlEvaluationParser.cs
FN:7,System.Collections.Generic.Dictionary`2<System.String,System.String> CourseProject.HtmlEvaluationParser::ParseAllEvaluationData(System.String)
FNDA:0,System.Collections.Generic.Dictionary`2<System.String,System.String> CourseProject.HtmlEvaluationParser::ParseAllEvaluationData(System.String)
DA:8,0
DA:9,0
DA:10,0
DA:11,0
DA:12,0
DA:13,0
FN:15,System.String CourseProject.HtmlEvaluationParser::ParseX(System.String)
FNDA:0,System.String CourseProject.HtmlEvaluationParser::ParseX(System.String)
DA:16,0
DA:17,0
DA:18,0
DA:19,0
LF:10
LH:0
BRF:0
BRH:0
FNF:2
FNH:0
end_of_record
SF:c:\Users\BudoB\OneDrive\Dokumenter Tekst\Programmering\CourseProject\CourseProjectCSharp\src\HtmlGradeParser.cs
FN:7,System.Collections.Generic.Dictionary`2<System.String,System.String> CourseProject.HtmlGradeParser::ParseAllGradeData(System.String)
FNDA:0,System.Collections.Generic.Dictionary`2<System.String,System.String> CourseProject.HtmlGradeParser::ParseAllGradeData(System.String)
DA:8,0
DA:9,0
DA:10,0
DA:11,0
DA:12,0
DA:13,0
FN:15,System.String CourseProject.HtmlGradeParser::ParseX(System.String)
FNDA:0,System.String CourseProject.HtmlGradeParser::ParseX(System.String)
DA:16,0
DA:17,0
DA:18,0
DA:19,0
LF:10
LH:0
BRF:0
BRH:0
FNF:2
FNH:0
end_of_record
SF:c:\Users\BudoB\OneDrive\Dokumenter Tekst\Programmering\CourseProject\CourseProjectCSharp\src\HtmlInfoParser.cs
FN:8,System.Collections.Generic.Dictionary`2<System.String,System.String> CourseProject.HtmlInfoParser::ParseAllInfo(System.String)
FNDA:1,System.Collections.Generic.Dictionary`2<System.String,System.String> CourseProject.HtmlInfoParser::ParseAllInfo(System.String)
DA:9,1
DA:10,1
DA:11,79
DA:12,38
DA:13,38
DA:14,38
DA:15,38
DA:16,38
DA:17,1
DA:18,1
BRDA:11,82,1,38
BRDA:11,82,0,1
FN:20,System.String CourseProject.HtmlInfoParser::ParseInfoDataPoint(System.String,CourseProject.InfoDataPoint)
FNDA:38,System.String CourseProject.HtmlInfoParser::ParseInfoDataPoint(System.String,CourseProject.InfoDataPoint)
DA:21,38
DA:22,38
DA:23,38
DA:24,38
DA:25,38
DA:26,38
FN:28,System.String CourseProject.HtmlInfoParser::ParseInfofromMainTable(System.String,System.String)
FNDA:27,System.String CourseProject.HtmlInfoParser::ParseInfofromMainTable(System.String,System.String)
DA:29,27
DA:30,27
DA:31,27
DA:32,27
DA:33,27
DA:34,27
DA:35,27
DA:36,27
DA:37,22
DA:38,22
DA:41,5
DA:42,5
DA:43,5
DA:44,5
DA:45,5
DA:46,5
DA:47,5
DA:49,27
BRDA:36,69,0,22
BRDA:36,69,1,5
FN:51,System.String CourseProject.HtmlInfoParser::ParseInfofromSecondaryTable(System.String,System.String)
FNDA:5,System.String CourseProject.HtmlInfoParser::ParseInfofromSecondaryTable(System.String,System.String)
DA:52,5
DA:53,5
DA:54,5
DA:55,5
DA:56,5
DA:57,5
DA:58,5
DA:59,5
FN:61,System.String CourseProject.HtmlInfoParser::ParseLastUpdatedInfo(System.String,System.String)
FNDA:1,System.String CourseProject.HtmlInfoParser::ParseLastUpdatedInfo(System.String,System.String)
DA:62,1
DA:63,1
DA:64,1
DA:65,1
DA:66,1
DA:67,1
DA:68,1
DA:69,1
FN:71,System.String CourseProject.HtmlInfoParser::ParseCourseIdInfo(System.String,System.String)
FNDA:1,System.String CourseProject.HtmlInfoParser::ParseCourseIdInfo(System.String,System.String)
DA:72,1
DA:73,1
DA:74,1
DA:75,1
DA:76,1
DA:77,1
DA:78,1
DA:79,1
FN:81,System.String CourseProject.HtmlInfoParser::ParseCourseNameInfo(System.String,System.String)
FNDA:1,System.String CourseProject.HtmlInfoParser::ParseCourseNameInfo(System.String,System.String)
DA:82,1
DA:83,1
DA:84,1
DA:85,1
DA:86,1
DA:87,1
DA:88,1
DA:89,1
FN:91,System.String CourseProject.HtmlInfoParser::ParseYearInfo(System.String,System.String)
FNDA:1,System.String CourseProject.HtmlInfoParser::ParseYearInfo(System.String,System.String)
DA:92,1
DA:93,1
DA:94,1
DA:95,1
DA:96,1
FN:98,System.String CourseProject.HtmlInfoParser::ParseAnnouncementInfo(System.String,System.String)
FNDA:1,System.String CourseProject.HtmlInfoParser::ParseAnnouncementInfo(System.String,System.String)
DA:99,1
DA:100,1
DA:101,1
DA:102,1
DA:103,1
DA:104,1
DA:105,1
DA:106,1
FN:108,System.String CourseProject.HtmlInfoParser::ParseStudyLinesInfo(System.String,System.String)
FNDA:1,System.String CourseProject.HtmlInfoParser::ParseStudyLinesInfo(System.String,System.String)
DA:109,1
DA:110,1
DA:111,1
DA:112,1
DA:113,1
DA:114,1
DA:115,1
DA:116,1
FN:202,System.String CourseProject.HtmlInfoParser::HtmlTestInput()
FNDA:0,System.String CourseProject.HtmlInfoParser::HtmlTestInput()
DA:203,0
DA:204,0
DA:205,0
DA:206,0
DA:207,0
FN:117,System.Void CourseProject.HtmlInfoParser::.cctor()
FNDA:1,System.Void CourseProject.HtmlInfoParser::.cctor()
DA:118,1
DA:119,1
DA:120,1
DA:121,1
DA:122,1
DA:123,1
DA:124,1
DA:125,1
DA:126,1
DA:127,1
DA:128,1
DA:129,1
DA:130,1
DA:131,1
DA:132,1
DA:133,1
DA:134,1
DA:135,1
DA:136,1
DA:137,1
DA:138,1
DA:139,1
DA:140,1
DA:141,1
DA:142,1
DA:143,1
DA:144,1
DA:145,1
DA:146,1
DA:147,1
DA:148,1
DA:149,1
DA:150,1
DA:151,1
DA:152,1
DA:153,1
DA:154,1
DA:155,1
DA:156,1
DA:157,1
DA:158,1
DA:160,1
DA:161,1
DA:162,1
DA:163,1
DA:164,1
DA:165,1
DA:166,1
DA:167,1
DA:168,1
DA:169,1
DA:170,1
DA:171,1
DA:172,1
DA:173,1
DA:174,1
DA:175,1
DA:176,1
DA:177,1
DA:178,1
DA:179,1
DA:180,1
DA:181,1
DA:182,1
DA:183,1
DA:184,1
DA:185,1
DA:186,1
DA:187,1
DA:188,1
DA:189,1
DA:190,1
DA:191,1
DA:192,1
DA:193,1
DA:194,1
DA:195,1
DA:196,1
DA:197,1
DA:198,1
DA:199,1
DA:200,1
LF:174
LH:169
BRF:4
BRH:4
FNF:12
FNH:11
end_of_record
SF:c:\Users\BudoB\OneDrive\Dokumenter Tekst\Programmering\CourseProject\CourseProjectCSharp\src\InfoDataPoint.cs
FN:6,System.Void CourseProject.InfoDataPointNames::.cctor()
FNDA:1,System.Void CourseProject.InfoDataPointNames::.cctor()
DA:7,1
LF:1
LH:1
BRF:0
BRH:0
FNF:1
FNH:1
end_of_record
SF:c:\Users\BudoB\OneDrive\Dokumenter Tekst\Programmering\CourseProject\CourseProjectCSharp\src\Label.cs
FN:6,CourseProject.Domain CourseProject.Label::get_Domain()
FNDA:0,CourseProject.Domain CourseProject.Label::get_Domain()
DA:7,0
FN:7,System.String CourseProject.Label::get_Name()
FNDA:0,System.String CourseProject.Label::get_Name()
DA:8,0
FN:16,System.String CourseProject.Label::GenerateName()
FNDA:0,System.String CourseProject.Label::GenerateName()
DA:17,0
DA:18,0
DA:19,0
DA:20,0
FN:9,System.Void CourseProject.Label::.ctor(CourseProject.Domain)
FNDA:0,System.Void CourseProject.Label::.ctor(CourseProject.Domain)
DA:10,0
DA:11,0
DA:12,0
DA:13,0
DA:14,0
LF:11
LH:0
BRF:0
BRH:0
FNF:4
FNH:0
end_of_record
SF:c:\Users\BudoB\OneDrive\Dokumenter Tekst\Programmering\CourseProject\CourseProjectCSharp\src\Program.cs
FN:18,System.Void CourseProject.Program::Main(System.String[])
FNDA:0,System.Void CourseProject.Program::Main(System.String[])
DA:19,0
DA:20,0
DA:21,0
DA:22,0
DA:23,0
DA:24,0
DA:27,0
DA:28,0
DA:29,0
DA:30,0
DA:33,0
DA:34,0
DA:35,0
DA:36,0
DA:37,0
DA:38,0
DA:39,0
DA:40,0
DA:42,0
DA:43,0
DA:44,0
DA:46,0
DA:47,0
DA:48,0
DA:49,0
DA:52,0
DA:53,0
DA:54,0
DA:55,0
DA:56,0
DA:59,0
DA:60,0
DA:63,0
DA:64,0
DA:65,0
DA:66,0
DA:67,0
DA:68,0
DA:69,0
BRDA:33,213,0,0
BRDA:33,213,1,0
BRDA:37,233,0,0
BRDA:37,233,1,0
BRDA:37,247,0,0
BRDA:37,247,1,0
BRDA:46,347,1,0
BRDA:46,347,0,0
BRDA:53,444,1,0
BRDA:53,444,0,0
BRDA:65,581,1,0
BRDA:65,581,0,0
FN:71,System.Int32 CourseProject.Program::AddNumbers(System.Int32,System.Int32)
FNDA:0,System.Int32 CourseProject.Program::AddNumbers(System.Int32,System.Int32)
DA:72,0
DA:73,0
DA:74,0
FN:9,System.Void CourseProject.Program::.ctor()
FNDA:0,System.Void CourseProject.Program::.ctor()
DA:10,0
FN:16,System.Void CourseProject.Program::.cctor()
FNDA:0,System.Void CourseProject.Program::.cctor()
DA:17,0
FN:79,System.String CourseProject.PersonClass::get_FirstName()
FNDA:2,System.String CourseProject.PersonClass::get_FirstName()
DA:80,2
FN:80,System.String CourseProject.PersonClass::get_LastName()
FNDA:2,System.String CourseProject.PersonClass::get_LastName()
DA:81,2
FN:81,System.Int32 CourseProject.PersonClass::get_Age()
FNDA:4,System.Int32 CourseProject.PersonClass::get_Age()
DA:82,4
FN:82,System.Void CourseProject.PersonClass::.ctor(System.String,System.String,System.Int32)
FNDA:2,System.Void CourseProject.PersonClass::.ctor(System.String,System.String,System.Int32)
DA:83,2
DA:84,2
DA:85,2
DA:86,2
DA:87,2
DA:88,2
LF:53
LH:9
BRF:12
BRH:0
FNF:8
FNH:4
end_of_record
SF:c:\Users\BudoB\OneDrive\Dokumenter Tekst\Programmering\CourseProject\CourseProjectCSharp\src\RegexPatternMatcher.cs
FN:11,System.String CourseProject.PatternMatcher::Get(System.String,System.String,System.Int32)
FNDA:43,System.String CourseProject.PatternMatcher::Get(System.String,System.String,System.Int32)
DA:12,43
DA:13,43
DA:14,43
DA:15,43
DA:16,34
DA:17,34
DA:20,9
DA:21,9
DA:23,43
BRDA:15,26,0,34
BRDA:15,26,1,9
FN:25,System.String CourseProject.PatternMatcher::TrimHtmlAndGet(System.String,System.String,System.Int32)
FNDA:4,System.String CourseProject.PatternMatcher::TrimHtmlAndGet(System.String,System.String,System.Int32)
DA:26,4
DA:27,4
DA:28,4
DA:29,4
DA:30,4
FN:32,System.String CourseProject.PatternMatcher::EscapeSpecialCharacters(System.String)
FNDA:38,System.String CourseProject.PatternMatcher::EscapeSpecialCharacters(System.String)
DA:33,38
DA:34,38
DA:35,38
DA:36,1236
DA:37,561
DA:38,561
DA:39,2
DA:40,2
DA:41,2
DA:42,561
DA:43,561
DA:44,38
DA:45,38
BRDA:36,79,1,561
BRDA:38,42,0,2
BRDA:38,42,1,561
BRDA:36,79,0,38
FN:47,System.String CourseProject.PatternMatcher::RemoveNewlines(System.String)
FNDA:4,System.String CourseProject.PatternMatcher::RemoveNewlines(System.String)
DA:48,4
DA:49,4
DA:50,4
FN:52,System.String CourseProject.PatternMatcher::RemoveMultiSpaces(System.String)
FNDA:4,System.String CourseProject.PatternMatcher::RemoveMultiSpaces(System.String)
DA:53,4
DA:54,4
DA:55,4
FN:8,System.Void CourseProject.PatternMatcher::.cctor()
FNDA:1,System.Void CourseProject.PatternMatcher::.cctor()
DA:9,1
LF:34
LH:34
BRF:6
BRH:6
FNF:6
FNH:6
end_of_record
SF:c:\Users\BudoB\OneDrive\Dokumenter Tekst\Programmering\CourseProject\CourseProjectCSharp\src\Time.cs
FN:6,System.String CourseProject.Time::get_Name()
FNDA:0,System.String CourseProject.Time::get_Name()
DA:7,0
FN:14,System.String CourseProject.Time::CreateUniqueID()
FNDA:0,System.String CourseProject.Time::CreateUniqueID()
DA:15,0
DA:16,0
DA:17,0
DA:18,0
FN:8,System.Void CourseProject.Time::.ctor(System.String)
FNDA:0,System.Void CourseProject.Time::.ctor(System.String)
DA:9,0
DA:10,0
DA:11,0
DA:12,0
LF:9
LH:0
BRF:0
BRH:0
FNF:3
FNH:0
end_of_record